SF:lib\core\providers\history_provider.dart
DA:14,4
DA:15,4
DA:16,4
DA:17,6
DA:20,2
DA:21,2
DA:22,2
DA:23,2
DA:26,4
DA:27,12
DA:29,0
DA:30,0
DA:32,2
DA:33,2
DA:38,1
DA:39,1
DA:40,1
DA:41,1
DA:44,2
DA:45,2
DA:47,0
DA:49,1
DA:50,1
DA:55,1
DA:56,1
DA:57,1
DA:58,1
DA:61,2
DA:62,6
DA:64,0
DA:66,1
DA:67,1
DA:72,1
DA:73,2
DA:74,1
DA:90,2
DA:91,2
DA:92,2
DA:93,2
DA:95,2
DA:96,1
DA:98,2
DA:99,1
DA:103,1
DA:104,2
DA:106,3
DA:108,3
DA:114,1
DA:115,1
DA:116,1
DA:118,3
DA:119,2
DA:120,4
DA:121,1
DA:123,3
DA:124,4
DA:130,2
DA:131,2
DA:132,3
DA:133,2
DA:136,2
DA:141,1
DA:149,1
DA:150,1
DA:151,1
DA:154,1
DA:155,2
DA:157,0
DA:159,1
DA:160,1
LF:70
LH:65
end_of_record
SF:lib\core\models\exposure_model.dart
DA:8,6
DA:13,12
DA:14,6
DA:15,12
DA:18,8
DA:19,8
DA:20,8
DA:35,15
DA:46,5
DA:47,5
DA:48,10
DA:51,2
DA:61,2
DA:62,2
DA:63,2
DA:64,2
DA:65,2
DA:66,2
DA:67,0
DA:68,1
DA:69,2
DA:73,28
DA:74,14
DA:75,28
DA:76,28
DA:77,14
DA:78,14
DA:79,14
DA:80,14
DA:81,52
DA:84,7
DA:86,7
DA:87,7
DA:88,7
DA:89,14
DA:90,0
DA:91,7
DA:92,14
DA:94,14
DA:95,7
DA:96,14
DA:97,14
DA:98,7
DA:99,10
DA:101,3
DA:106,7
DA:107,7
DA:110,0
DA:111,0
DA:112,0
DA:130,11
DA:131,11
DA:132,11
DA:135,11
DA:136,11
DA:140,4
DA:143,4
DA:146,22
DA:151,3
DA:152,3
DA:153,15
DA:154,3
DA:161,8
DA:162,8
DA:163,72
DA:168,7
DA:169,14
DA:170,24
DA:174,7
DA:175,7
DA:176,7
DA:177,7
DA:181,27
DA:184,27
DA:187,11
DA:188,11
DA:192,4
DA:193,8
LF:78
LH:73
end_of_record
SF:lib\core\services\storage_service.dart
DA:12,17
DA:13,17
DA:17,17
DA:23,16
DA:25,0
DA:33,4
DA:39,4
DA:40,4
DA:45,8
DA:47,8
DA:51,5
DA:52,5
DA:53,5
DA:57,5
DA:64,9
DA:65,9
DA:66,9
DA:72,11
DA:73,11
DA:74,11
DA:77,22
DA:78,1
DA:81,11
DA:83,44
DA:84,22
DA:88,12
DA:89,12
DA:90,12
DA:91,11
DA:94,6
DA:96,15
DA:97,5
DA:99,1
DA:104,2
DA:108,2
DA:109,4
DA:110,8
DA:111,2
DA:115,2
DA:116,2
DA:117,8
DA:118,2
DA:119,2
DA:123,2
DA:124,2
DA:125,4
DA:126,2
DA:130,2
DA:131,2
DA:132,2
DA:138,1
DA:139,1
DA:140,1
DA:142,2
DA:144,2
DA:148,3
DA:149,3
DA:150,3
DA:154,2
DA:155,2
DA:156,2
DA:159,1
DA:172,1
DA:176,1
DA:178,1
DA:181,1
DA:186,1
DA:187,1
DA:188,1
DA:189,1
DA:190,1
DA:199,3
DA:200,3
DA:201,3
DA:205,1
DA:206,1
DA:207,1
DA:211,1
DA:212,1
DA:213,1
DA:219,4
DA:220,4
DA:221,4
DA:225,5
DA:226,5
DA:227,5
DA:231,2
DA:232,2
DA:233,2
DA:237,4
DA:238,4
DA:239,4
DA:243,3
DA:244,3
DA:245,3
DA:249,3
DA:250,3
DA:251,3
LF:98
LH:97
end_of_record
SF:lib\core\constants\app_colors.dart
DA:4,0
DA:42,5
DA:43,5
DA:44,2
DA:45,2
DA:46,2
DA:51,5
DA:52,5
DA:53,10
DA:55,3
LF:10
LH:9
end_of_record
SF:lib\core\providers\exposure_provider.dart
DA:70,16
DA:71,14
DA:72,12
DA:73,4
DA:74,4
DA:75,16
DA:76,10
DA:77,2
DA:78,10
DA:79,10
DA:80,10
DA:82,10
DA:83,4
DA:84,4
DA:85,4
DA:86,12
DA:87,4
DA:90,2
DA:91,2
DA:92,2
DA:96,4
DA:113,2
DA:114,1
DA:115,1
DA:116,1
DA:117,1
DA:118,1
DA:119,1
DA:120,1
DA:121,1
DA:122,1
DA:123,1
DA:124,1
DA:125,2
DA:126,2
DA:127,4
DA:131,9
DA:132,9
DA:133,9
DA:137,2
DA:138,2
DA:139,3
DA:143,2
DA:144,2
DA:145,4
DA:149,3
DA:150,4
DA:151,8
DA:152,4
DA:153,2
DA:156,18
DA:157,3
DA:158,3
DA:160,1
DA:161,3
DA:163,5
DA:164,15
DA:165,5
DA:169,9
DA:170,9
DA:171,9
DA:172,18
DA:173,9
DA:176,9
DA:177,9
DA:178,9
DA:179,9
DA:180,9
DA:181,9
DA:182,9
DA:183,9
DA:184,9
DA:185,9
DA:186,18
DA:187,9
DA:188,9
DA:189,9
DA:190,9
DA:191,9
DA:192,9
DA:193,9
DA:194,9
DA:195,18
DA:199,9
DA:200,9
DA:202,9
DA:203,9
DA:204,36
DA:205,18
DA:207,9
DA:210,9
DA:213,18
DA:214,18
DA:216,12
DA:219,9
DA:223,7
DA:224,7
DA:226,14
DA:227,7
DA:228,7
DA:231,7
DA:232,2
DA:233,2
DA:234,1
DA:238,7
DA:239,7
DA:241,7
DA:245,1
DA:246,2
DA:247,1
DA:248,1
DA:252,1
DA:253,2
DA:255,2
DA:257,2
DA:259,1
DA:262,6
DA:263,6
DA:266,6
DA:267,18
DA:268,6
DA:269,0
DA:270,0
DA:273,6
DA:276,12
DA:277,18
DA:280,24
DA:281,2
DA:284,6
DA:285,2
DA:286,2
DA:288,6
DA:289,4
DA:293,6
DA:296,18
DA:297,0
DA:301,6
DA:302,12
DA:303,12
DA:306,6
DA:310,0
DA:312,0
DA:314,0
DA:315,0
DA:318,0
DA:319,0
DA:320,0
DA:321,0
DA:322,0
DA:323,0
DA:325,0
DA:327,0
DA:333,0
DA:336,0
DA:339,0
DA:343,2
DA:345,2
DA:346,1
DA:347,1
DA:348,1
DA:349,2
DA:354,1
DA:355,1
DA:358,1
DA:360,0
DA:362,0
DA:363,0
DA:366,0
DA:367,0
DA:369,0
DA:370,0
DA:372,0
DA:374,0
DA:380,0
DA:381,0
DA:385,0
DA:386,0
DA:388,0
DA:390,0
DA:392,1
DA:393,2
DA:396,1
DA:397,0
DA:398,0
DA:402,3
DA:403,0
DA:408,1
DA:410,0
DA:411,0
DA:412,0
DA:414,0
DA:415,0
DA:417,0
DA:419,0
DA:425,0
DA:427,0
DA:428,0
DA:429,0
DA:432,0
DA:433,0
DA:437,1
DA:442,0
DA:443,0
DA:444,0
DA:445,0
DA:449,0
DA:451,0
DA:454,0
DA:458,1
DA:459,4
DA:460,3
DA:464,9
DA:466,9
DA:467,9
DA:468,9
DA:472,3
DA:473,3
DA:475,3
DA:476,3
DA:481,3
DA:484,3
DA:488,0
DA:489,0
DA:490,0
DA:492,0
DA:493,0
DA:494,0
DA:497,0
DA:500,6
DA:502,12
DA:503,0
DA:505,0
DA:507,0
DA:512,12
DA:513,0
DA:514,0
DA:516,0
DA:519,0
DA:521,0
DA:526,0
DA:528,0
DA:529,0
DA:530,0
DA:531,0
DA:533,0
DA:538,1
DA:539,2
DA:540,2
DA:541,1
DA:542,1
DA:545,0
DA:546,0
DA:547,0
DA:548,0
DA:549,0
DA:550,0
DA:554,7
DA:555,14
DA:557,7
DA:558,7
DA:559,7
DA:560,7
DA:561,7
DA:562,7
DA:563,14
DA:564,7
DA:565,7
DA:568,7
DA:569,7
DA:573,2
DA:574,2
DA:578,4
DA:579,4
DA:580,8
DA:581,6
DA:582,4
DA:585,2
DA:586,8
DA:587,10
DA:589,2
DA:590,2
DA:592,4
DA:593,4
DA:595,2
DA:598,2
DA:601,0
DA:607,7
DA:608,21
DA:609,28
DA:610,21
DA:611,7
DA:614,4
DA:616,6
DA:617,8
DA:618,4
DA:619,4
LF:296
LH:212
end_of_record
SF:lib\core\constants\app_constants.dart
DA:2,0
LF:1
LH:0
end_of_record
SF:lib\core\constants\app_strings.dart
DA:2,0
LF:1
LH:0
end_of_record
SF:lib\core\services\logger_service.dart
DA:15,0
DA:17,11
DA:20,1
DA:25,1
DA:26,1
DA:30,2
DA:31,2
DA:35,6
DA:36,6
DA:40,1
DA:41,1
DA:44,6
DA:51,24
DA:53,18
DA:54,18
DA:55,6
DA:57,12
DA:60,8
DA:63,2
DA:66,18
LF:20
LH:19
end_of_record
SF:lib\core\services\uv_data_service.dart
DA:15,2
DA:21,3
DA:23,7
DA:29,3
DA:30,1
DA:31,2
DA:34,2
DA:35,2
DA:36,2
DA:40,2
DA:41,2
DA:42,2
DA:43,2
DA:48,2
DA:49,1
DA:50,2
DA:60,5
DA:62,1
DA:64,1
DA:65,3
DA:67,2
DA:79,9
DA:82,5
DA:87,5
DA:88,5
DA:92,3
DA:94,3
DA:95,9
DA:99,6
DA:101,3
DA:102,6
DA:106,2
DA:108,4
DA:109,4
DA:111,2
DA:112,2
DA:115,4
DA:119,1
DA:121,1
DA:125,6
DA:126,3
DA:131,2
DA:133,1
DA:136,2
DA:142,5
DA:143,5
DA:146,5
DA:147,5
DA:150,2
DA:152,2
DA:156,3
DA:159,4
DA:160,2
DA:170,5
DA:171,15
DA:173,10
DA:175,5
DA:176,5
DA:177,4
DA:179,6
DA:180,2
DA:181,2
DA:184,3
DA:185,6
DA:189,2
DA:190,2
DA:192,1
DA:195,2
DA:196,6
DA:197,0
DA:198,0
DA:200,0
DA:204,5
DA:209,5
DA:215,5
LF:75
LH:72
end_of_record
SF:lib\core\services\notification_service.dart
DA:11,0
DA:12,0
DA:17,0
DA:20,2
DA:23,0
DA:25,0
DA:42,0
DA:47,0
DA:48,0
DA:53,0
DA:58,0
DA:63,0
DA:73,0
DA:74,0
DA:76,0
DA:79,0
DA:80,0
DA:85,0
DA:86,0
DA:89,0
DA:97,0
DA:98,0
DA:102,0
DA:103,0
DA:109,0
DA:113,0
DA:114,0
DA:118,0
DA:131,0
DA:134,0
DA:140,2
DA:141,2
DA:144,0
DA:145,0
DA:147,0
DA:156,0
DA:157,0
DA:158,0
DA:182,0
DA:184,0
DA:187,0
DA:197,0
DA:198,0
DA:199,0
DA:225,0
DA:235,0
DA:236,0
DA:237,0
DA:261,0
DA:271,0
DA:272,0
DA:273,0
DA:299,0
DA:301,0
DA:304,0
DA:314,0
DA:319,0
DA:320,0
DA:344,0
DA:345,0
DA:346,0
DA:348,0
DA:350,0
DA:360,0
DA:361,0
DA:365,0
DA:366,0
LF:67
LH:3
end_of_record
SF:lib\core\services\foreground_service.dart
DA:14,9
DA:17,9
DA:24,0
DA:25,0
DA:28,0
DA:29,0
DA:44,0
DA:45,0
DA:54,0
DA:58,9
DA:59,9
DA:60,0
DA:63,0
DA:65,0
DA:69,0
DA:73,0
DA:75,0
DA:80,6
DA:81,6
DA:84,0
DA:88,0
DA:89,0
DA:91,0
DA:97,0
DA:102,9
DA:103,9
DA:106,0
DA:109,0
DA:110,0
DA:112,0
DA:117,0
DA:118,0
DA:120,0
DA:127,0
DA:128,0
DA:130,0
DA:132,0
DA:138,0
DA:139,0
DA:141,0
DA:143,0
DA:150,0
DA:152,0
DA:157,0
DA:159,0
DA:162,0
DA:165,0
DA:167,0
LF:48
LH:8
end_of_record
SF:lib\features\settings\settings_screen.dart
DA:7,1
DA:9,3
DA:10,3
DA:18,3
DA:20,3
DA:21,3
DA:24,3
DA:25,3
DA:26,3
DA:28,3
DA:29,6
DA:30,3
DA:31,3
DA:32,3
DA:37,3
DA:39,3
DA:40,3
DA:43,3
DA:45,3
DA:47,3
DA:49,3
DA:52,3
DA:53,3
DA:54,3
DA:57,1
DA:58,2
DA:59,1
DA:61,1
DA:68,3
DA:71,3
DA:72,3
DA:74,3
DA:76,1
DA:77,2
DA:78,1
DA:80,1
LF:36
LH:36
end_of_record
SF:lib\features\home\home_screen.dart
DA:14,0
DA:16,2
DA:17,2
DA:21,2
DA:23,2
DA:24,6
DA:25,2
DA:26,2
DA:31,2
DA:34,2
DA:37,4
DA:40,2
DA:41,1
DA:45,2
DA:47,2
DA:48,2
DA:49,2
DA:50,2
DA:51,2
DA:52,2
DA:53,2
DA:55,2
DA:57,2
DA:60,2
DA:66,4
DA:67,2
DA:69,2
DA:71,2
DA:72,1
DA:73,2
DA:79,2
DA:85,4
DA:86,2
DA:88,2
DA:89,2
DA:91,2
DA:93,2
DA:94,1
DA:95,2
DA:102,2
DA:103,2
DA:104,3
DA:107,2
DA:109,1
DA:111,1
DA:112,2
DA:113,1
DA:114,1
DA:129,2
DA:130,2
DA:132,2
DA:134,2
DA:135,2
DA:136,2
DA:137,2
DA:138,2
DA:143,2
DA:145,26
DA:149,2
DA:150,2
DA:152,2
DA:154,4
DA:156,2
DA:157,2
DA:159,4
DA:162,4
DA:166,2
DA:171,2
DA:172,2
DA:173,1
DA:174,1
DA:175,3
DA:179,2
DA:180,3
DA:187,2
DA:188,2
DA:189,2
DA:190,1
DA:191,1
DA:192,1
DA:193,1
DA:194,1
DA:195,2
DA:202,2
DA:205,2
DA:209,2
DA:212,0
DA:213,0
DA:215,0
DA:216,0
DA:218,0
DA:227,0
DA:228,0
DA:229,0
DA:232,0
DA:233,0
DA:240,0
DA:241,0
DA:242,0
DA:246,1
DA:251,2
DA:252,1
DA:253,1
DA:255,1
DA:256,1
DA:257,2
DA:261,2
DA:263,2
DA:264,2
DA:266,2
DA:267,2
DA:269,1
DA:270,1
DA:272,2
DA:277,2
DA:279,1
DA:280,1
DA:284,2
DA:286,1
DA:287,1
DA:293,2
DA:294,2
DA:295,2
DA:296,2
DA:298,2
DA:299,4
DA:300,2
DA:301,2
DA:303,2
DA:304,4
DA:307,2
DA:308,2
DA:309,2
DA:311,2
DA:313,0
DA:314,0
DA:316,0
DA:323,4
DA:326,2
DA:328,2
DA:329,2
DA:332,2
DA:335,2
DA:336,2
DA:342,4
DA:345,2
DA:346,2
DA:347,2
DA:349,2
DA:350,2
DA:351,2
DA:356,2
DA:357,2
DA:359,2
LF:154
LH:137
end_of_record
SF:lib\features\monitor\monitor_screen.dart
DA:13,1
DA:15,4
DA:16,4
DA:22,4
DA:24,4
DA:25,8
DA:28,12
DA:29,8
DA:30,4
DA:31,4
DA:36,4
DA:38,8
DA:39,4
DA:42,0
DA:44,0
DA:46,0
DA:47,0
DA:49,0
DA:50,0
DA:55,1
DA:56,2
DA:58,1
DA:60,1
DA:61,1
DA:62,1
DA:63,1
DA:66,1
DA:67,1
DA:68,3
DA:71,1
DA:72,1
DA:73,1
DA:74,1
DA:75,2
DA:88,4
DA:90,4
DA:92,1
DA:94,0
DA:95,0
DA:96,0
DA:99,4
DA:100,4
DA:103,4
DA:105,1
DA:106,1
DA:107,1
DA:108,2
DA:120,4
DA:121,4
DA:123,6
DA:124,1
DA:125,3
DA:126,2
DA:130,4
DA:131,1
DA:134,4
DA:135,4
DA:136,4
DA:137,4
DA:139,4
DA:140,8
DA:141,4
DA:142,4
DA:144,4
DA:145,8
DA:148,4
DA:149,4
DA:152,4
DA:153,4
DA:154,4
DA:155,4
DA:175,8
DA:176,1
DA:178,4
DA:179,6
DA:180,3
DA:183,4
DA:184,1
DA:187,4
DA:189,8
DA:190,4
DA:191,4
DA:195,8
DA:197,4
DA:199,8
DA:200,4
DA:201,4
DA:205,8
DA:207,4
DA:209,12
DA:210,4
DA:211,4
DA:215,8
DA:217,4
DA:219,8
DA:220,8
DA:221,8
DA:224,8
DA:227,4
DA:228,1
DA:229,0
DA:232,1
DA:238,8
DA:241,4
DA:243,4
DA:244,1
DA:245,1
DA:246,0
DA:247,0
DA:253,4
DA:256,4
DA:257,4
DA:263,8
DA:276,3
DA:277,3
DA:280,3
DA:281,6
DA:282,0
DA:283,3
DA:284,3
DA:285,3
DA:286,6
DA:291,3
DA:292,3
DA:293,3
DA:294,6
DA:297,6
DA:302,3
DA:303,3
DA:304,6
DA:306,3
DA:307,3
DA:308,6
DA:309,0
DA:310,3
DA:315,3
DA:316,3
DA:318,6
DA:322,3
DA:330,4
DA:331,4
DA:332,1
DA:333,1
DA:334,1
DA:339,1
DA:340,2
DA:341,2
DA:343,1
DA:346,1
DA:347,1
DA:348,1
DA:349,1
DA:351,1
DA:352,1
DA:353,1
DA:354,1
DA:357,1
DA:358,1
DA:360,1
DA:370,1
DA:372,2
DA:373,2
DA:374,1
DA:375,1
DA:382,1
DA:384,1
DA:390,1
DA:391,1
DA:392,1
DA:393,3
DA:394,1
DA:395,2
DA:405,1
DA:406,2
DA:407,2
DA:408,3
DA:410,2
DA:411,2
DA:412,3
DA:414,1
DA:416,1
DA:417,1
DA:418,3
DA:419,3
DA:421,1
DA:422,1
DA:423,3
DA:425,1
DA:426,1
DA:427,1
DA:428,1
DA:429,1
DA:430,1
DA:431,1
DA:434,1
DA:435,1
DA:438,1
DA:439,1
DA:440,1
DA:442,0
DA:444,0
DA:446,0
DA:453,1
DA:454,1
DA:455,0
DA:456,0
DA:457,0
DA:460,0
DA:462,1
DA:463,1
DA:464,1
DA:465,2
DA:467,1
DA:476,1
DA:477,1
DA:480,1
DA:481,1
DA:482,1
DA:483,1
DA:485,1
DA:486,1
DA:503,1
DA:504,1
DA:505,2
DA:507,1
DA:508,1
DA:513,1
DA:514,0
DA:515,0
DA:516,0
DA:518,0
DA:523,1
LF:232
LH:207
end_of_record
SF:lib\shared\widgets\info_box.dart
DA:11,4
DA:19,5
DA:21,5
DA:24,5
DA:26,5
DA:27,5
DA:28,5
DA:29,5
DA:35,5
DA:36,5
DA:37,5
DA:38,5
DA:46,5
DA:49,5
DA:51,5
DA:53,5
DA:54,5
DA:55,5
DA:56,5
DA:58,5
DA:61,5
DA:64,10
DA:66,5
DA:67,5
DA:68,5
DA:70,10
LF:26
LH:26
end_of_record
SF:lib\shared\widgets\connection_status_badge.dart
DA:8,1
DA:10,5
DA:12,5
DA:13,5
DA:14,5
DA:15,5
DA:16,5
DA:17,5
DA:26,1
DA:28,1
DA:32,5
DA:34,5
DA:38,2
DA:40,2
DA:44,5
DA:46,5
DA:51,5
DA:53,5
DA:55,5
DA:56,5
DA:58,5
DA:60,5
DA:62,1
DA:65,1
DA:67,1
DA:71,5
DA:72,5
DA:73,5
DA:75,5
LF:29
LH:29
end_of_record
SF:lib\core\services\export_service.dart
DA:8,0
DA:11,2
DA:12,2
DA:15,2
DA:19,4
DA:20,4
DA:21,6
DA:22,4
DA:24,8
DA:26,4
DA:27,6
DA:28,8
DA:32,2
DA:33,4
DA:34,6
DA:35,4
DA:36,2
DA:40,2
DA:41,6
DA:42,4
DA:44,4
DA:45,2
DA:49,2
DA:50,4
DA:51,6
DA:52,2
DA:53,2
DA:56,2
DA:57,12
DA:58,12
DA:61,6
LF:31
LH:30
end_of_record
SF:lib\features\about\about_screen.dart
DA:6,1
DA:8,1
DA:10,1
DA:11,1
DA:14,1
DA:16,1
DA:18,1
DA:20,1
DA:26,1
DA:28,4
DA:34,1
DA:36,4
DA:43,1
DA:44,1
DA:46,1
DA:48,1
DA:49,1
DA:50,1
DA:51,1
DA:53,1
DA:56,4
DA:71,1
DA:72,1
DA:73,1
DA:75,1
DA:77,1
DA:78,1
DA:79,1
DA:80,2
DA:82,1
DA:85,4
DA:87,1
DA:93,1
DA:95,2
DA:104,1
DA:105,1
DA:107,1
DA:109,1
DA:110,1
DA:111,1
DA:112,1
DA:114,1
DA:117,4
LF:43
LH:43
end_of_record
