SF:lib\core\providers\history_provider.dart
DA:14,4
DA:15,4
DA:16,4
DA:17,6
DA:20,2
DA:21,2
DA:22,2
DA:23,2
DA:26,4
DA:27,12
DA:29,0
DA:30,0
DA:32,2
DA:33,2
DA:38,1
DA:39,1
DA:40,1
DA:41,1
DA:44,2
DA:45,2
DA:47,0
DA:49,1
DA:50,1
DA:55,1
DA:56,1
DA:57,1
DA:58,1
DA:61,2
DA:62,6
DA:64,0
DA:66,1
DA:67,1
DA:72,1
DA:73,2
DA:74,1
DA:90,2
DA:91,2
DA:92,2
DA:93,2
DA:95,2
DA:96,1
DA:98,2
DA:99,1
DA:103,1
DA:104,2
DA:106,3
DA:108,3
DA:114,1
DA:115,1
DA:116,1
DA:118,3
DA:119,2
DA:120,4
DA:121,1
DA:123,3
DA:124,4
DA:130,2
DA:131,2
DA:132,3
DA:133,2
DA:136,2
DA:141,1
DA:149,1
DA:150,1
DA:151,1
DA:154,1
DA:155,2
DA:157,0
DA:159,1
DA:160,1
LF:70
LH:65
end_of_record
SF:lib\core\models\exposure_model.dart
DA:8,5
DA:13,10
DA:14,5
DA:15,10
DA:18,8
DA:19,8
DA:20,8
DA:35,15
DA:46,5
DA:47,5
DA:48,10
DA:51,2
DA:61,2
DA:62,2
DA:63,2
DA:64,2
DA:65,2
DA:66,2
DA:67,0
DA:68,1
DA:69,2
DA:73,28
DA:74,14
DA:75,28
DA:76,28
DA:77,14
DA:78,14
DA:79,14
DA:80,14
DA:81,50
DA:84,7
DA:86,7
DA:87,7
DA:88,7
DA:89,14
DA:90,0
DA:91,7
DA:92,14
DA:94,14
DA:95,7
DA:97,14
DA:98,14
DA:99,7
DA:100,10
DA:102,3
DA:107,7
DA:108,7
DA:109,0
DA:112,0
DA:113,0
DA:114,0
DA:132,11
DA:133,11
DA:134,11
DA:137,11
DA:138,11
DA:142,4
DA:145,4
DA:148,22
DA:153,3
DA:154,3
DA:155,15
DA:156,3
DA:163,8
DA:164,8
DA:165,16
DA:166,56
DA:171,7
DA:172,14
DA:175,24
DA:179,7
DA:180,7
DA:181,7
DA:182,7
DA:186,9
DA:187,18
DA:190,9
DA:191,18
DA:194,11
DA:195,11
DA:199,4
DA:200,8
LF:82
LH:76
end_of_record
SF:lib\core\services\storage_service.dart
DA:12,17
DA:13,17
DA:17,17
DA:23,16
DA:25,0
DA:33,4
DA:39,4
DA:40,4
DA:45,8
DA:47,8
DA:51,5
DA:52,5
DA:53,5
DA:57,5
DA:64,9
DA:65,9
DA:66,9
DA:72,11
DA:73,11
DA:74,11
DA:77,22
DA:78,1
DA:81,11
DA:83,44
DA:84,11
DA:85,11
DA:89,12
DA:90,12
DA:91,12
DA:92,11
DA:95,6
DA:97,15
DA:98,5
DA:100,1
DA:105,2
DA:109,2
DA:110,4
DA:111,4
DA:112,4
DA:113,2
DA:117,2
DA:118,2
DA:119,8
DA:120,2
DA:121,2
DA:125,2
DA:126,2
DA:127,4
DA:128,2
DA:132,2
DA:133,2
DA:134,2
DA:140,1
DA:141,1
DA:142,1
DA:144,2
DA:146,2
DA:150,2
DA:151,2
DA:152,2
DA:156,2
DA:157,2
DA:158,2
DA:161,1
DA:174,1
DA:178,1
DA:180,1
DA:183,1
DA:189,1
DA:190,1
DA:191,1
DA:192,1
DA:193,1
DA:203,3
DA:204,3
DA:205,3
DA:209,1
DA:210,1
DA:211,1
DA:215,1
DA:216,1
DA:217,1
DA:223,4
DA:224,4
DA:225,4
DA:229,5
DA:230,5
DA:231,5
DA:235,2
DA:236,2
DA:237,2
DA:241,4
DA:242,4
DA:243,4
DA:247,3
DA:248,3
DA:249,3
DA:253,3
DA:254,3
DA:255,3
LF:100
LH:99
end_of_record
SF:lib\core\constants\app_strings.dart
DA:2,0
LF:1
LH:0
end_of_record
SF:lib\core\services\logger_service.dart
DA:15,0
DA:17,25
DA:20,1
DA:25,1
DA:26,1
DA:30,12
DA:31,12
DA:35,6
DA:36,6
DA:40,1
DA:42,1
DA:46,13
DA:53,52
DA:55,39
DA:56,39
DA:57,13
DA:59,26
DA:62,6
DA:65,2
DA:68,39
LF:20
LH:19
end_of_record
SF:lib\core\constants\app_colors.dart
DA:4,0
DA:42,5
DA:43,5
DA:44,2
DA:45,2
DA:46,2
DA:51,5
DA:52,5
DA:53,10
DA:55,1
DA:56,2
LF:11
LH:10
end_of_record
SF:lib\core\constants\app_constants.dart
DA:2,0
LF:1
LH:0
end_of_record
SF:lib\core\providers\exposure_provider.dart
DA:71,16
DA:72,14
DA:73,12
DA:74,4
DA:75,4
DA:76,16
DA:77,10
DA:78,2
DA:79,10
DA:80,10
DA:81,10
DA:83,10
DA:84,4
DA:85,4
DA:86,4
DA:87,12
DA:88,4
DA:91,2
DA:92,2
DA:93,2
DA:97,4
DA:114,2
DA:115,1
DA:117,1
DA:119,1
DA:121,1
DA:124,1
DA:126,1
DA:127,1
DA:128,1
DA:129,1
DA:130,1
DA:131,1
DA:132,2
DA:133,2
DA:134,4
DA:138,9
DA:139,9
DA:140,9
DA:144,2
DA:145,2
DA:146,2
DA:147,1
DA:151,2
DA:152,2
DA:153,4
DA:157,3
DA:158,3
DA:159,1
DA:161,8
DA:162,4
DA:163,2
DA:166,18
DA:167,3
DA:168,3
DA:170,1
DA:171,3
DA:173,5
DA:174,15
DA:175,5
DA:179,9
DA:180,9
DA:181,9
DA:182,18
DA:183,9
DA:186,9
DA:187,9
DA:188,9
DA:189,9
DA:190,9
DA:191,9
DA:192,9
DA:193,9
DA:194,9
DA:195,9
DA:196,18
DA:197,9
DA:198,9
DA:199,9
DA:200,9
DA:201,9
DA:202,9
DA:203,9
DA:204,9
DA:205,18
DA:209,9
DA:210,9
DA:212,9
DA:213,9
DA:214,36
DA:215,18
DA:217,9
DA:220,9
DA:223,9
DA:225,2
DA:227,0
DA:233,18
DA:234,18
DA:236,12
DA:239,9
DA:243,7
DA:244,7
DA:246,14
DA:247,7
DA:248,7
DA:251,7
DA:252,2
DA:253,2
DA:254,1
DA:258,7
DA:259,7
DA:260,7
DA:262,7
DA:266,1
DA:267,2
DA:268,1
DA:269,1
DA:273,1
DA:274,2
DA:276,2
DA:278,2
DA:280,1
DA:283,6
DA:284,6
DA:287,6
DA:288,18
DA:289,6
DA:290,0
DA:291,0
DA:294,6
DA:297,12
DA:298,18
DA:301,24
DA:302,1
DA:305,3
DA:306,1
DA:307,1
DA:309,3
DA:310,2
DA:314,6
DA:317,18
DA:318,0
DA:322,6
DA:323,12
DA:324,12
DA:327,6
DA:331,0
DA:333,0
DA:335,0
DA:336,0
DA:339,0
DA:340,0
DA:341,0
DA:342,0
DA:343,0
DA:344,0
DA:346,0
DA:348,0
DA:354,0
DA:357,0
DA:360,0
DA:365,1
DA:367,1
DA:368,1
DA:369,1
DA:370,1
DA:371,2
DA:376,0
DA:377,0
DA:379,0
DA:380,0
DA:381,0
DA:382,0
DA:383,0
DA:384,0
DA:385,0
DA:390,0
DA:391,0
DA:394,0
DA:396,0
DA:397,0
DA:399,0
DA:400,0
DA:402,0
DA:403,0
DA:404,0
DA:405,0
DA:407,0
DA:409,0
DA:415,0
DA:416,0
DA:420,0
DA:421,0
DA:423,0
DA:425,0
DA:426,0
DA:427,0
DA:429,0
DA:430,0
DA:431,0
DA:434,0
DA:435,0
DA:439,0
DA:441,0
DA:442,0
DA:443,0
DA:444,0
DA:445,0
DA:447,0
DA:449,0
DA:456,0
DA:458,0
DA:459,0
DA:460,0
DA:463,0
DA:464,0
DA:468,0
DA:473,0
DA:474,0
DA:475,0
DA:476,0
DA:480,0
DA:482,0
DA:486,0
DA:490,1
DA:491,4
DA:492,3
DA:496,9
DA:498,9
DA:499,9
DA:500,9
DA:504,3
DA:505,3
DA:507,3
DA:508,3
DA:513,3
DA:516,3
DA:520,0
DA:521,0
DA:522,0
DA:524,0
DA:525,0
DA:526,0
DA:529,0
DA:532,6
DA:534,12
DA:535,0
DA:537,0
DA:538,0
DA:540,0
DA:546,12
DA:547,0
DA:548,0
DA:550,0
DA:553,0
DA:555,0
DA:561,0
DA:563,0
DA:564,0
DA:565,0
DA:566,0
DA:568,0
DA:574,1
DA:575,2
DA:576,2
DA:577,1
DA:578,1
DA:581,0
DA:582,0
DA:583,0
DA:584,0
DA:585,0
DA:586,0
DA:590,7
DA:591,14
DA:593,7
DA:594,7
DA:595,7
DA:596,7
DA:597,7
DA:598,7
DA:599,14
DA:600,7
DA:601,7
DA:604,7
DA:605,7
DA:609,2
DA:610,2
DA:614,4
DA:615,4
DA:616,8
DA:617,2
DA:618,4
DA:619,4
DA:622,2
DA:623,8
DA:624,2
DA:625,8
DA:627,2
DA:628,2
DA:630,4
DA:631,4
DA:633,2
DA:636,2
DA:639,0
DA:646,7
DA:647,21
DA:648,28
DA:649,21
DA:650,7
DA:653,4
DA:655,6
DA:656,8
DA:657,4
DA:658,4
DA:659,4
LF:316
LH:211
end_of_record
SF:lib\core\services\multicast_service.dart
DA:20,20
DA:21,10
DA:27,3
DA:30,1
DA:33,1
DA:36,1
DA:38,0
DA:44,3
DA:48,3
DA:51,1
DA:52,1
DA:53,1
DA:58,1
DA:60,1
DA:62,1
DA:68,0
DA:69,0
DA:75,10
DA:76,1
DA:81,1
DA:82,1
DA:85,1
DA:89,20
DA:90,10
DA:92,10
DA:94,10
DA:98,1
DA:99,1
DA:100,0
DA:104,0
DA:105,0
DA:106,0
DA:109,0
DA:110,0
DA:112,0
DA:113,0
DA:114,0
DA:121,3
DA:124,3
DA:126,1
DA:127,0
DA:129,0
DA:132,0
DA:137,10
DA:140,1
DA:142,1
DA:143,0
DA:146,0
DA:151,1
LF:49
LH:32
end_of_record
SF:lib\core\services\uv_data_service.dart
DA:14,3
DA:20,4
DA:22,8
DA:28,4
DA:29,1
DA:30,2
DA:33,3
DA:34,3
DA:35,3
DA:39,2
DA:40,2
DA:41,2
DA:42,2
DA:47,2
DA:48,1
DA:49,2
DA:59,4
DA:61,1
DA:63,1
DA:64,3
DA:66,2
DA:78,9
DA:81,5
DA:86,5
DA:87,5
DA:91,2
DA:93,3
DA:94,6
DA:98,4
DA:100,6
DA:103,2
DA:105,4
DA:106,4
DA:108,2
DA:109,2
DA:113,4
DA:117,1
DA:119,1
DA:123,4
DA:125,2
DA:130,1
DA:132,1
DA:135,1
DA:141,5
DA:142,5
DA:146,5
DA:147,5
DA:151,3
DA:153,3
DA:157,3
DA:160,6
DA:161,3
DA:171,5
DA:172,15
DA:174,10
DA:176,5
DA:177,5
DA:178,4
DA:180,6
DA:182,2
DA:183,2
DA:187,3
DA:188,6
DA:192,2
DA:193,2
DA:195,1
DA:198,2
DA:199,6
DA:201,0
DA:202,0
DA:205,0
DA:210,5
DA:216,6
DA:222,5
DA:227,1
DA:228,1
LF:76
LH:73
end_of_record
SF:lib\core\services\notification_service.dart
DA:11,0
DA:12,0
DA:17,0
DA:20,2
DA:23,0
DA:25,0
DA:43,0
DA:48,0
DA:49,0
DA:54,0
DA:59,0
DA:65,0
DA:75,0
DA:76,0
DA:78,0
DA:81,0
DA:82,0
DA:88,0
DA:89,0
DA:92,0
DA:100,0
DA:101,0
DA:105,0
DA:106,0
DA:112,0
DA:116,0
DA:117,0
DA:121,0
DA:135,0
DA:139,0
DA:146,2
DA:147,2
DA:150,0
DA:151,0
DA:153,0
DA:162,0
DA:163,0
DA:164,0
DA:188,0
DA:190,0
DA:193,0
DA:203,0
DA:204,0
DA:205,0
DA:231,0
DA:241,0
DA:242,0
DA:243,0
DA:267,0
DA:277,0
DA:278,0
DA:279,0
DA:305,0
DA:307,0
DA:310,0
DA:320,0
DA:325,0
DA:326,0
DA:350,0
DA:351,0
DA:352,0
DA:355,0
DA:357,0
DA:367,0
DA:368,0
DA:372,0
DA:373,0
LF:67
LH:3
end_of_record
SF:lib\core\services\foreground_service.dart
DA:14,9
DA:17,9
DA:24,0
DA:25,0
DA:28,0
DA:29,0
DA:44,0
DA:45,0
DA:54,0
DA:58,9
DA:59,9
DA:60,0
DA:63,0
DA:65,0
DA:69,0
DA:73,0
DA:75,0
DA:81,6
DA:82,6
DA:85,0
DA:89,0
DA:90,0
DA:92,0
DA:98,0
DA:104,9
DA:105,9
DA:108,0
DA:111,0
DA:112,0
DA:114,0
DA:120,0
DA:121,0
DA:123,0
DA:130,0
DA:131,0
DA:133,0
DA:135,0
DA:142,0
DA:143,0
DA:146,0
DA:148,0
DA:156,0
DA:158,0
DA:163,0
DA:165,0
DA:168,0
DA:171,0
DA:173,0
LF:48
LH:8
end_of_record
SF:lib\features\settings\settings_screen.dart
DA:7,1
DA:9,3
DA:10,3
DA:18,3
DA:20,3
DA:21,3
DA:24,3
DA:25,3
DA:26,3
DA:28,3
DA:29,6
DA:30,3
DA:31,3
DA:32,3
DA:37,3
DA:39,3
DA:40,3
DA:43,3
DA:45,3
DA:47,3
DA:49,3
DA:52,3
DA:53,3
DA:54,3
DA:57,1
DA:58,2
DA:59,1
DA:61,1
DA:68,3
DA:71,3
DA:72,3
DA:74,3
DA:76,1
DA:77,2
DA:78,1
DA:80,1
LF:36
LH:36
end_of_record
SF:lib\features\home\home_screen.dart
DA:14,0
DA:16,2
DA:17,2
DA:21,2
DA:23,2
DA:24,6
DA:25,2
DA:26,2
DA:31,2
DA:34,2
DA:37,4
DA:40,2
DA:41,1
DA:45,2
DA:47,2
DA:48,2
DA:49,2
DA:50,2
DA:51,2
DA:52,2
DA:56,2
DA:58,2
DA:61,2
DA:67,4
DA:68,2
DA:70,2
DA:72,2
DA:73,1
DA:74,2
DA:80,2
DA:86,4
DA:87,2
DA:89,2
DA:90,2
DA:92,2
DA:94,2
DA:95,1
DA:96,2
DA:103,2
DA:104,2
DA:105,3
DA:108,2
DA:110,1
DA:112,1
DA:113,2
DA:114,1
DA:115,1
DA:131,2
DA:132,2
DA:134,2
DA:136,2
DA:137,2
DA:138,2
DA:139,2
DA:140,2
DA:145,2
DA:147,26
DA:151,2
DA:152,2
DA:154,2
DA:156,4
DA:158,2
DA:159,2
DA:161,4
DA:164,4
DA:168,2
DA:173,2
DA:174,2
DA:175,1
DA:176,1
DA:177,3
DA:181,2
DA:182,3
DA:189,2
DA:190,2
DA:191,2
DA:192,1
DA:193,1
DA:194,1
DA:195,1
DA:196,1
DA:197,2
DA:204,2
DA:207,2
DA:210,2
DA:213,0
DA:214,0
DA:216,0
DA:217,0
DA:219,0
DA:228,0
DA:229,0
DA:230,0
DA:233,0
DA:234,0
DA:241,0
DA:242,0
DA:243,0
DA:247,1
DA:252,2
DA:253,1
DA:254,1
DA:256,1
DA:257,1
DA:258,2
DA:262,2
DA:264,2
DA:265,2
DA:267,2
DA:268,2
DA:270,1
DA:271,1
DA:273,2
DA:278,2
DA:280,1
DA:281,1
DA:285,2
DA:287,1
DA:288,1
DA:294,2
DA:295,2
DA:296,2
DA:297,2
DA:299,2
DA:300,4
DA:301,2
DA:302,2
DA:304,2
DA:305,4
DA:308,2
DA:309,2
DA:310,2
DA:312,2
DA:314,0
DA:315,0
DA:317,0
DA:324,4
DA:327,2
DA:329,2
DA:330,2
DA:333,2
DA:336,2
DA:337,2
DA:343,4
DA:346,2
DA:347,2
LF:146
LH:129
end_of_record
SF:lib\features\monitor\monitor_screen.dart
DA:13,1
DA:15,4
DA:16,4
DA:23,4
DA:25,4
DA:26,8
DA:29,12
DA:30,8
DA:31,4
DA:32,4
DA:37,4
DA:39,8
DA:40,4
DA:43,0
DA:45,0
DA:47,0
DA:48,0
DA:50,0
DA:51,0
DA:56,1
DA:57,2
DA:59,1
DA:61,1
DA:62,1
DA:63,1
DA:64,1
DA:67,1
DA:68,1
DA:69,3
DA:72,1
DA:73,1
DA:74,1
DA:75,1
DA:76,2
DA:89,4
DA:91,4
DA:93,1
DA:95,0
DA:96,0
DA:97,0
DA:100,4
DA:101,4
DA:104,4
DA:106,1
DA:107,1
DA:108,1
DA:109,2
DA:121,4
DA:122,4
DA:124,4
DA:125,1
DA:126,1
DA:127,1
DA:128,3
DA:129,2
DA:133,4
DA:134,1
DA:137,4
DA:138,4
DA:139,4
DA:140,4
DA:142,4
DA:143,8
DA:144,4
DA:145,4
DA:147,4
DA:148,8
DA:151,4
DA:152,4
DA:156,4
DA:157,4
DA:158,4
DA:160,4
DA:181,8
DA:183,1
DA:185,4
DA:186,6
DA:188,3
DA:191,4
DA:192,1
DA:195,4
DA:197,8
DA:198,4
DA:199,4
DA:203,8
DA:205,4
DA:208,8
DA:209,4
DA:210,4
DA:214,8
DA:216,4
DA:219,12
DA:220,4
DA:221,4
DA:225,8
DA:227,4
DA:229,8
DA:230,4
DA:231,4
DA:233,8
DA:236,8
DA:239,4
DA:240,1
DA:241,0
DA:244,1
DA:250,8
DA:253,4
DA:255,4
DA:256,1
DA:257,1
DA:258,0
DA:259,0
DA:265,4
DA:268,4
DA:269,4
DA:275,8
DA:288,3
DA:289,3
DA:292,3
DA:293,6
DA:294,0
DA:295,3
DA:296,3
DA:297,3
DA:298,6
DA:303,3
DA:304,3
DA:305,3
DA:306,6
DA:309,6
DA:314,3
DA:315,3
DA:316,6
DA:318,3
DA:319,3
DA:320,6
DA:321,0
DA:322,3
DA:327,3
DA:328,3
DA:330,6
DA:334,3
DA:342,4
DA:343,4
DA:344,1
DA:345,1
DA:346,1
DA:351,1
DA:352,2
DA:353,2
DA:355,1
DA:358,1
DA:359,1
DA:360,1
DA:361,1
DA:363,1
DA:364,1
DA:365,1
DA:366,1
DA:369,1
DA:370,1
DA:372,1
DA:382,1
DA:384,2
DA:385,2
DA:386,1
DA:387,1
DA:394,1
DA:396,1
DA:402,1
DA:403,1
DA:404,1
DA:405,2
DA:406,1
DA:407,1
DA:408,2
DA:418,1
DA:419,2
DA:420,2
DA:422,3
DA:424,2
DA:425,2
DA:427,3
DA:429,1
DA:431,1
DA:432,1
DA:433,1
DA:434,2
DA:435,3
DA:437,1
DA:438,1
DA:439,3
DA:441,1
DA:442,1
DA:443,1
DA:444,1
DA:445,1
DA:446,1
DA:447,1
DA:451,1
DA:454,1
DA:455,1
DA:456,1
DA:458,0
DA:460,0
DA:462,0
DA:469,1
DA:470,1
DA:471,0
DA:472,0
DA:473,0
DA:478,1
DA:479,1
DA:480,1
DA:481,2
DA:492,1
DA:493,1
DA:496,1
DA:497,1
DA:498,1
DA:499,1
DA:501,1
DA:502,1
DA:519,1
DA:520,1
DA:521,2
DA:523,1
DA:524,1
DA:529,1
DA:530,0
DA:531,0
DA:532,0
DA:534,0
DA:539,1
LF:234
LH:210
end_of_record
SF:lib\shared\widgets\info_box.dart
DA:11,4
DA:19,5
DA:21,5
DA:24,5
DA:26,5
DA:27,5
DA:28,5
DA:29,5
DA:35,5
DA:36,5
DA:37,5
DA:38,5
DA:46,5
DA:49,5
DA:51,5
DA:53,5
DA:54,5
DA:55,5
DA:56,5
DA:58,5
DA:61,5
DA:64,10
DA:66,5
DA:67,5
DA:68,5
DA:70,10
LF:26
LH:26
end_of_record
SF:lib\shared\widgets\connection_status_badge.dart
DA:8,1
DA:10,5
DA:12,5
DA:13,5
DA:14,5
DA:15,5
DA:16,5
DA:17,5
DA:26,1
DA:28,1
DA:32,5
DA:34,5
DA:38,2
DA:40,2
DA:44,5
DA:46,5
DA:51,5
DA:53,5
DA:55,5
DA:56,5
DA:58,5
DA:60,5
DA:62,1
DA:65,1
DA:67,1
DA:71,5
DA:72,5
DA:73,5
DA:75,5
LF:29
LH:29
end_of_record
SF:lib\core\services\export_service.dart
DA:8,0
DA:11,2
DA:12,2
DA:15,2
DA:19,4
DA:20,4
DA:21,6
DA:22,4
DA:25,8
DA:27,4
DA:28,6
DA:29,8
DA:33,2
DA:34,4
DA:35,6
DA:36,4
DA:37,2
DA:41,2
DA:42,6
DA:43,4
DA:45,4
DA:46,2
DA:50,2
DA:51,4
DA:52,6
DA:53,2
DA:54,2
DA:57,2
DA:58,12
DA:59,12
DA:62,6
LF:31
LH:30
end_of_record
SF:lib\features\about\about_screen.dart
DA:6,1
DA:8,1
DA:10,1
DA:11,1
DA:14,1
DA:16,1
DA:18,1
DA:26,1
DA:28,4
DA:34,1
DA:36,4
DA:43,1
DA:44,1
DA:46,1
DA:48,1
DA:49,1
DA:50,1
DA:54,1
DA:57,4
DA:72,1
DA:73,1
DA:74,1
DA:76,1
DA:78,1
DA:79,1
DA:80,1
DA:81,1
DA:82,1
DA:84,1
DA:87,4
DA:89,1
DA:95,1
DA:97,2
DA:106,1
DA:107,1
DA:109,1
DA:111,1
DA:112,1
DA:113,1
DA:116,1
DA:119,4
LF:41
LH:41
end_of_record
